


ARM Macro Assembler    Page 1 


    1 00000000         
    2 00000000                 AREA             Test2,CODE,READONLY
    3 00000000                 CODE32
    4 00000000                 ENTRY
    5 00000000         
    6 00000000         START
    7 00000000 EA000005        B                Reset_Handler
    8 00000004         
    9 00000004         Undefined_Handler
   10 00000004 EAFFFFFE        B                Undefined_Handler
   11 00000008         
   12 00000008         SWI_Handler
   13 00000008 EAFFFFFE        B                SWI_Handler
   14 0000000C         
   15 0000000C         Prefetch_Handler
   16 0000000C EAFFFFFE        B                Prefetch_Handler
   17 00000010         
   18 00000010         Abort_Handler
   19 00000010 EAFFFFFE        B                Abort_Handler
   20 00000014         
   21 00000014         IRQ_Handler
   22 00000014 EAFFFFFE        B                IRQ_Handler
   23 00000018         
   24 00000018         FIQ_Handler
   25 00000018 EAFFFFFE        B                FIQ_Handler
   26 0000001C         
   27 0000001C         Reset_Handler
   28 0000001C         ; go into system model
   29 0000001C         
   30 0000001C E10F0000        MRS              R0,CPSR     ;copy CPSR to R0
   31 00000020 E3C0001F        BIC              R0,R0,#0x1F ;clear R0 last five
                                                             bit
   32 00000024 E380001F        ORR              R0,R0,#0x1F ;set R0 last five b
                                                            it to 1111
   33 00000028 E121F000        MSR              CPSR_c,R0   ;load R0 to CPSR, s
                                                            witch to system mod
                                                            el
   34 0000002C         
   35 0000002C E3A00001        MOV              R0,#1       ;set value to R0-R1
                                                            4
   36 00000030 E3A01002        MOV              R1,#2
   37 00000034 E3A02003        MOV              R2,#3
   38 00000038 E3A03004        MOV              R3,#4
   39 0000003C E3A04005        MOV              R4,#5
   40 00000040 E3A05006        MOV              R5,#6
   41 00000044 E3A06007        MOV              R6,#7
   42 00000048 E3A07008        MOV              R7,#8
   43 0000004C E3A08009        MOV              R8,#9
   44 00000050 E3A0900A        MOV              R9,#10
   45 00000054 E3A0A00B        MOV              R10,#11
   46 00000058 E3A0B00C        MOV              R11,#12
   47 0000005C E3A0C00D        MOV              R12,#13
   48 00000060 E3A0D00E        MOV              R13,#14
   49 00000064 E3A0E00F        MOV              R14,#15
   50 00000068         
   51 00000068         ; go into FIQ model
   52 00000068         
   53 00000068 E10F0000        MRS              R0,CPSR
   54 0000006C E3C0001F        BIC              R0,R0,#0x1F



ARM Macro Assembler    Page 2 


   55 00000070 E3800011        ORR              R0,R0,#0x11 ;set last R0 five b
                                                            it to 10001
   56 00000074 E121F000        MSR              CPSR_c,R0   ;load R0 to CPSR,sw
                                                            itch to Fiq
   57 00000078         
   58 00000078 E3A08010        MOV              R8,#16
   59 0000007C E3A09011        MOV              R9,#17
   60 00000080 E3A0A012        MOV              R10,#18
   61 00000084 E3A0B013        MOV              R11,#19
   62 00000088 E3A0C014        MOV              R12,#20
   63 0000008C E3A0D015        MOV              R13,#21
   64 00000090 E3A0E016        MOV              R14,#22
   65 00000094         
   66 00000094         ; go into IRQ model  
   67 00000094 E10F0000        MRS              R0,CPSR
   68 00000098 E3C0001F        BIC              R0,R0,#0x1F
   69 0000009C E3800012        ORR              R0,R0,#0x12 ;set R0 to 10011
   70 000000A0 E121F000        MSR              CPSR_c,R0   ;switch to IRQ
   71 000000A4         
   72 000000A4 E3A0D017        MOV              R13,#23
   73 000000A8 E3A0E018        MOV              R14,#24
   74 000000AC         
   75 000000AC         ;go into SVCģʽ
   76 000000AC E10F0000        MRS              R0,CPSR
   77 000000B0 E3C0001F        BIC              R0,R0,#0x1F
   78 000000B4 E3800013        ORR              R0,R0,#0x13 ;
   79 000000B8 E121F000        MSR              CPSR_c,R0
   80 000000BC         
   81 000000BC E3A0D019        MOV              R13,#25
   82 000000C0 E3A0E01A        MOV              R14,#26
   83 000000C4         
   84 000000C4         ;go into UNDEF
   85 000000C4 E10F0000        MRS              R0,CPSR
   86 000000C8 E3C0001F        BIC              R0,R0,#0x1F
   87 000000CC E380001B        ORR              R0,R0,#0x1b
   88 000000D0 E121F000        MSR              CPSR_c,R0
   89 000000D4         
   90 000000D4 E3A0D01D        MOV              R13,#29
   91 000000D8 E3A0E01E        MOV              R14,#30
   92 000000DC         
   93 000000DC EAFFFFCE        B                Reset_Handler
   94 000000E0         
   95 000000E0                 END
Command Line: --debug --xref --diag_suppress=9931 --cpu=ARM966E-S --bi --apcs=i
nterwork --depend=.\objects\experiment2.d -o.\objects\experiment2.o -IG:\Keil_v
5\ARM\RV31\INC -IG:\Keil_v5\ARM\CMSIS\Include --predefine="__EVAL SETA 1" --pre
define="__UVISION_VERSION SETA 514" --list=.\listings\experiment2.lst Experimen
t2.s



ARM Macro Assembler    Page 1 Alphabetic symbol ordering
Relocatable symbols

Abort_Handler 00000010

Symbol: Abort_Handler
   Definitions
      At line 18 in file Experiment2.s
   Uses
      At line 19 in file Experiment2.s
Comment: Abort_Handler used once
FIQ_Handler 00000018

Symbol: FIQ_Handler
   Definitions
      At line 24 in file Experiment2.s
   Uses
      At line 25 in file Experiment2.s
Comment: FIQ_Handler used once
IRQ_Handler 00000014

Symbol: IRQ_Handler
   Definitions
      At line 21 in file Experiment2.s
   Uses
      At line 22 in file Experiment2.s
Comment: IRQ_Handler used once
Prefetch_Handler 0000000C

Symbol: Prefetch_Handler
   Definitions
      At line 15 in file Experiment2.s
   Uses
      At line 16 in file Experiment2.s
Comment: Prefetch_Handler used once
Reset_Handler 0000001C

Symbol: Reset_Handler
   Definitions
      At line 27 in file Experiment2.s
   Uses
      At line 7 in file Experiment2.s
      At line 93 in file Experiment2.s

START 00000000

Symbol: START
   Definitions
      At line 6 in file Experiment2.s
   Uses
      None
Comment: START unused
SWI_Handler 00000008

Symbol: SWI_Handler
   Definitions
      At line 12 in file Experiment2.s
   Uses
      At line 13 in file Experiment2.s
Comment: SWI_Handler used once
Test2 00000000




ARM Macro Assembler    Page 2 Alphabetic symbol ordering
Relocatable symbols

Symbol: Test2
   Definitions
      At line 2 in file Experiment2.s
   Uses
      None
Comment: Test2 unused
Undefined_Handler 00000004

Symbol: Undefined_Handler
   Definitions
      At line 9 in file Experiment2.s
   Uses
      At line 10 in file Experiment2.s
Comment: Undefined_Handler used once
9 symbols
341 symbols in table
